{"C:\\Users\\conta\\Desktop\\aulas-typscript\\atividade-ts-basico\\atividade_1.ts": {"path":"C:\\Users\\conta\\Desktop\\aulas-typscript\\atividade-ts-basico\\atividade_1.ts","statementMap":{"0":{"start":{"line":1,"column":21},"end":{"line":1,"column":28}},"1":{"start":{"line":40,"column":46},"end":{"line":40,"column":50}},"2":{"start":{"line":2,"column":22},"end":{"line":2,"column":24}},"3":{"start":{"line":40,"column":39},"end":{"line":40,"column":44}},"4":{"start":{"line":3,"column":23},"end":{"line":3,"column":27}},"5":{"start":{"line":40,"column":9},"end":{"line":40,"column":15}},"6":{"start":{"line":4,"column":27},"end":{"line":4,"column":31}},"7":{"start":{"line":40,"column":17},"end":{"line":40,"column":26}},"8":{"start":{"line":6,"column":25},"end":{"line":12,"column":1}},"9":{"start":{"line":7,"column":4},"end":{"line":11,"column":5}},"10":{"start":{"line":8,"column":8},"end":{"line":8,"column":21}},"11":{"start":{"line":10,"column":8},"end":{"line":10,"column":23}},"12":{"start":{"line":40,"column":74},"end":{"line":40,"column":90}},"13":{"start":{"line":14,"column":18},"end":{"line":20,"column":1}},"14":{"start":{"line":15,"column":16},"end":{"line":15,"column":17}},"15":{"start":{"line":16,"column":4},"end":{"line":18,"column":5}},"16":{"start":{"line":16,"column":17},"end":{"line":16,"column":18}},"17":{"start":{"line":17,"column":8},"end":{"line":17,"column":19}},"18":{"start":{"line":19,"column":4},"end":{"line":19,"column":17}},"19":{"start":{"line":40,"column":63},"end":{"line":40,"column":72}},"20":{"start":{"line":22,"column":18},"end":{"line":26,"column":1}},"21":{"start":{"line":23,"column":4},"end":{"line":23,"column":26}},"22":{"start":{"line":23,"column":17},"end":{"line":23,"column":26}},"23":{"start":{"line":24,"column":4},"end":{"line":24,"column":26}},"24":{"start":{"line":24,"column":17},"end":{"line":24,"column":26}},"25":{"start":{"line":25,"column":4},"end":{"line":25,"column":47}},"26":{"start":{"line":40,"column":28},"end":{"line":40,"column":37}},"27":{"start":{"line":29,"column":24},"end":{"line":29,"column":39}},"28":{"start":{"line":29,"column":49},"end":{"line":29,"column":63}},"29":{"start":{"line":32,"column":8},"end":{"line":32,"column":42}},"30":{"start":{"line":36,"column":8},"end":{"line":36,"column":48}},"31":{"start":{"line":40,"column":52},"end":{"line":40,"column":61}}},"fnMap":{"0":{"name":"(anonymous_0)","decl":{"start":{"line":6,"column":25},"end":{"line":6,"column":34}},"loc":{"start":{"line":6,"column":48},"end":{"line":12,"column":1}}},"1":{"name":"(anonymous_1)","decl":{"start":{"line":14,"column":18},"end":{"line":14,"column":27}},"loc":{"start":{"line":14,"column":36},"end":{"line":20,"column":1}}},"2":{"name":"(anonymous_2)","decl":{"start":{"line":22,"column":18},"end":{"line":22,"column":27}},"loc":{"start":{"line":22,"column":36},"end":{"line":26,"column":1}}},"3":{"name":"(anonymous_3)","decl":{"start":{"line":29,"column":4},"end":{"line":29,"column":24}},"loc":{"start":{"line":29,"column":63},"end":{"line":29,"column":67}}},"4":{"name":"(anonymous_4)","decl":{"start":{"line":31,"column":4},"end":{"line":31,"column":8}},"loc":{"start":{"line":31,"column":8},"end":{"line":33,"column":5}}},"5":{"name":"(anonymous_5)","decl":{"start":{"line":35,"column":4},"end":{"line":35,"column":13}},"loc":{"start":{"line":35,"column":13},"end":{"line":37,"column":5}}}},"branchMap":{"0":{"loc":{"start":{"line":7,"column":4},"end":{"line":11,"column":5}},"type":"if","locations":[{"start":{"line":7,"column":4},"end":{"line":11,"column":5}},{"start":{"line":9,"column":11},"end":{"line":11,"column":5}}]},"1":{"loc":{"start":{"line":23,"column":4},"end":{"line":23,"column":26}},"type":"if","locations":[{"start":{"line":23,"column":4},"end":{"line":23,"column":26}}]},"2":{"loc":{"start":{"line":24,"column":4},"end":{"line":24,"column":26}},"type":"if","locations":[{"start":{"line":24,"column":4},"end":{"line":24,"column":26}}]}},"s":{"0":1,"1":1,"2":1,"3":1,"4":1,"5":1,"6":1,"7":1,"8":1,"9":3,"10":2,"11":1,"12":1,"13":1,"14":3,"15":3,"16":3,"17":16,"18":3,"19":1,"20":1,"21":27,"22":6,"23":21,"24":9,"25":12,"26":1,"27":1,"28":1,"29":1,"30":1,"31":1},"f":{"0":3,"1":3,"2":27,"3":1,"4":1,"5":1},"b":{"0":[2,1],"1":[6],"2":[9]}}
}
