TN:
SF:atividade_1.ts
FN:6,(anonymous_0)
FN:14,(anonymous_1)
FN:22,(anonymous_2)
FN:29,(anonymous_3)
FN:31,(anonymous_4)
FN:35,(anonymous_5)
FNF:6
FNH:6
FNDA:3,(anonymous_0)
FNDA:3,(anonymous_1)
FNDA:27,(anonymous_2)
FNDA:1,(anonymous_3)
FNDA:1,(anonymous_4)
FNDA:1,(anonymous_5)
DA:1,1
DA:2,1
DA:3,1
DA:4,1
DA:6,1
DA:7,3
DA:8,2
DA:10,1
DA:14,1
DA:15,3
DA:16,3
DA:17,16
DA:19,3
DA:22,1
DA:23,27
DA:24,21
DA:25,12
DA:29,1
DA:32,1
DA:36,1
DA:40,1
LF:21
LH:21
BRDA:7,0,0,2
BRDA:7,0,1,1
BRDA:23,1,0,6
BRDA:24,2,0,9
BRF:4
BRH:4
end_of_record
